<?xml version="1.0" encoding="UTF-8"?>
<robot generator="Robot 7.2.2 (Python 3.13.2 on win32)" generated="2025-03-26T12:04:48.846038" rpa="false" schemaversion="5">
<suite id="s1" name="Login Data" source="C:\Users\User\Documents\p1\tests\login_data.robot">
<test id="s1-t1" name="Case 1" line="16">
<kw name="Open Browser" owner="SeleniumLibrary" type="SETUP">
<msg time="2025-03-26T12:04:49.091192" level="INFO">Opening browser 'chrome' to base url 'https://www.saucedemo.com/' through remote server at 'http://192.168.1.112:4444/wd/hub'.</msg>
<arg>${url}</arg>
<arg>${browser}</arg>
<arg>remote_url=http://192.168.1.112:4444/wd/hub</arg>
<doc>Opens a new browser instance to the optional ``url``.</doc>
<status status="PASS" start="2025-03-26T12:04:49.090832" elapsed="0.699160"/>
</kw>
<kw name="affichage">
<kw name="Login Avec Username Et Password" owner="login_template">
<kw name="Saisir Username" owner="login_page">
<kw name="Input Text" owner="SeleniumLibrary">
<msg time="2025-03-26T12:04:49.791851" level="INFO">Typing text 'standard_user' into text field 'id:user-name'.</msg>
<arg>${usernameElement}</arg>
<arg>${username}</arg>
<doc>Types the given ``text`` into the text field identified by ``locator``.</doc>
<status status="PASS" start="2025-03-26T12:04:49.791440" elapsed="0.108572"/>
</kw>
<arg>${username}</arg>
<status status="PASS" start="2025-03-26T12:04:49.791199" elapsed="0.108954"/>
</kw>
<kw name="Saisir Password" owner="login_page">
<kw name="Input Password" owner="SeleniumLibrary">
<msg time="2025-03-26T12:04:49.900784" level="INFO">Typing password into text field 'id:password'.</msg>
<msg time="2025-03-26T12:04:49.955028" level="INFO">Temporally setting log level to: NONE</msg>
<arg>${passwordElement}</arg>
<arg>${password}</arg>
<doc>Types the given password into the text field identified by ``locator``.</doc>
<status status="PASS" start="2025-03-26T12:04:49.900596" elapsed="0.125454"/>
</kw>
<arg>${password}</arg>
<status status="PASS" start="2025-03-26T12:04:49.900320" elapsed="0.125848"/>
</kw>
<kw name="Cliquer Sur Le Bouton Login" owner="login_page">
<kw name="Click Button" owner="SeleniumLibrary">
<msg time="2025-03-26T12:04:50.026724" level="INFO">Clicking button 'id:login-button'.</msg>
<arg>${loginButtonElement}</arg>
<doc>Clicks the button identified by ``locator``.</doc>
<status status="PASS" start="2025-03-26T12:04:50.026549" elapsed="0.138007"/>
</kw>
<status status="PASS" start="2025-03-26T12:04:50.026318" elapsed="0.138412"/>
</kw>
<if>
<branch type="IF" condition="&quot;${resultat}&quot;== &quot;ok&quot;">
<kw name="Get Page Title" owner="login_page">
<kw name="Get Text" owner="SeleniumLibrary">
<msg time="2025-03-26T12:04:50.194237" level="INFO">${res} = Products</msg>
<var>${res}</var>
<arg>${pageTitleElement}</arg>
<doc>Returns the text value of the element identified by ``locator``.</doc>
<status status="PASS" start="2025-03-26T12:04:50.165380" elapsed="0.028908"/>
</kw>
<return>
<value>${res}</value>
<status status="PASS" start="2025-03-26T12:04:50.194372" elapsed="0.000060"/>
</return>
<msg time="2025-03-26T12:04:50.194574" level="INFO">${text} = Products</msg>
<var>${text}</var>
<status status="PASS" start="2025-03-26T12:04:50.165148" elapsed="0.029453"/>
</kw>
<kw name="Should Be Equal As Strings" owner="BuiltIn">
<arg>${text}</arg>
<arg>Products</arg>
<doc>Fails if objects are unequal after converting them to strings.</doc>
<status status="PASS" start="2025-03-26T12:04:50.194736" elapsed="0.000183"/>
</kw>
<status status="PASS" start="2025-03-26T12:04:50.164840" elapsed="0.030127"/>
</branch>
<branch type="ELSE">
<kw name="Get Error Message" owner="login_page">
<var>${res}</var>
<status status="NOT RUN" start="2025-03-26T12:04:50.195159" elapsed="0.000029"/>
</kw>
<kw name="Element Should Be Visible" owner="SeleniumLibrary">
<arg>${res}</arg>
<doc>Verifies that the element identified by ``locator`` is visible.</doc>
<status status="NOT RUN" start="2025-03-26T12:04:50.195280" elapsed="0.000038"/>
</kw>
<status status="NOT RUN" start="2025-03-26T12:04:50.195025" elapsed="0.000364"/>
</branch>
<status status="PASS" start="2025-03-26T12:04:50.164807" elapsed="0.030617"/>
</if>
<arg>${username}</arg>
<arg>${password}</arg>
<arg>${resultat}</arg>
<status status="PASS" start="2025-03-26T12:04:49.790884" elapsed="0.404597"/>
</kw>
<arg>username=standard_user</arg>
<arg>password=secret_sauce</arg>
<arg>resultat=ok</arg>
<status status="PASS" start="2025-03-26T12:04:49.790465" elapsed="0.405080"/>
</kw>
<kw name="Close All Browsers" owner="SeleniumLibrary" type="TEARDOWN">
<doc>Closes all open browsers and resets the browser cache.</doc>
<status status="PASS" start="2025-03-26T12:04:50.195842" elapsed="0.075303"/>
</kw>
<status status="PASS" start="2025-03-26T12:04:49.088714" elapsed="1.182690"/>
</test>
<test id="s1-t2" name="Case 2" line="16">
<kw name="Open Browser" owner="SeleniumLibrary" type="SETUP">
<msg time="2025-03-26T12:04:50.273759" level="INFO">Opening browser 'chrome' to base url 'https://www.saucedemo.com/' through remote server at 'http://192.168.1.112:4444/wd/hub'.</msg>
<arg>${url}</arg>
<arg>${browser}</arg>
<arg>remote_url=http://192.168.1.112:4444/wd/hub</arg>
<doc>Opens a new browser instance to the optional ``url``.</doc>
<status status="PASS" start="2025-03-26T12:04:50.273512" elapsed="0.673931"/>
</kw>
<kw name="affichage">
<kw name="Login Avec Username Et Password" owner="login_template">
<kw name="Saisir Username" owner="login_page">
<kw name="Input Text" owner="SeleniumLibrary">
<msg time="2025-03-26T12:04:50.948937" level="INFO">Typing text 'Sstandar' into text field 'id:user-name'.</msg>
<arg>${usernameElement}</arg>
<arg>${username}</arg>
<doc>Types the given ``text`` into the text field identified by ``locator``.</doc>
<status status="PASS" start="2025-03-26T12:04:50.948698" elapsed="0.091988"/>
</kw>
<arg>${username}</arg>
<status status="PASS" start="2025-03-26T12:04:50.948461" elapsed="0.092333"/>
</kw>
<kw name="Saisir Password" owner="login_page">
<kw name="Input Password" owner="SeleniumLibrary">
<msg time="2025-03-26T12:04:51.041397" level="INFO">Typing password into text field 'id:password'.</msg>
<msg time="2025-03-26T12:04:51.083693" level="INFO">Temporally setting log level to: NONE</msg>
<arg>${passwordElement}</arg>
<arg>${password}</arg>
<doc>Types the given password into the text field identified by ``locator``.</doc>
<status status="PASS" start="2025-03-26T12:04:51.041226" elapsed="0.096929"/>
</kw>
<arg>${password}</arg>
<status status="PASS" start="2025-03-26T12:04:51.040947" elapsed="0.097309"/>
</kw>
<kw name="Cliquer Sur Le Bouton Login" owner="login_page">
<kw name="Click Button" owner="SeleniumLibrary">
<msg time="2025-03-26T12:04:51.138887" level="INFO">Clicking button 'id:login-button'.</msg>
<arg>${loginButtonElement}</arg>
<doc>Clicks the button identified by ``locator``.</doc>
<status status="PASS" start="2025-03-26T12:04:51.138652" elapsed="0.076273"/>
</kw>
<status status="PASS" start="2025-03-26T12:04:51.138431" elapsed="0.076596"/>
</kw>
<if>
<branch type="IF" condition="&quot;${resultat}&quot;== &quot;ok&quot;">
<kw name="Get Page Title" owner="login_page">
<var>${text}</var>
<status status="NOT RUN" start="2025-03-26T12:04:51.215392" elapsed="0.000031"/>
</kw>
<kw name="Should Be Equal As Strings" owner="BuiltIn">
<arg>${text}</arg>
<arg>Products</arg>
<doc>Fails if objects are unequal after converting them to strings.</doc>
<status status="NOT RUN" start="2025-03-26T12:04:51.215524" elapsed="0.000027"/>
</kw>
<status status="NOT RUN" start="2025-03-26T12:04:51.215120" elapsed="0.000507"/>
</branch>
<branch type="ELSE">
<kw name="Get Error Message" owner="login_page">
<return>
<value>${errorElement}</value>
<status status="PASS" start="2025-03-26T12:04:51.215945" elapsed="0.000048"/>
</return>
<msg time="2025-03-26T12:04:51.216120" level="INFO">${res} = css:.error-button</msg>
<var>${res}</var>
<status status="PASS" start="2025-03-26T12:04:51.215773" elapsed="0.000386"/>
</kw>
<kw name="Element Should Be Visible" owner="SeleniumLibrary">
<msg time="2025-03-26T12:04:51.242827" level="INFO">Element 'css:.error-button' is displayed.</msg>
<arg>${res}</arg>
<doc>Verifies that the element identified by ``locator`` is visible.</doc>
<status status="PASS" start="2025-03-26T12:04:51.216255" elapsed="0.026660"/>
</kw>
<status status="PASS" start="2025-03-26T12:04:51.215666" elapsed="0.027313"/>
</branch>
<status status="PASS" start="2025-03-26T12:04:51.215093" elapsed="0.027928"/>
</if>
<arg>${username}</arg>
<arg>${password}</arg>
<arg>${resultat}</arg>
<status status="PASS" start="2025-03-26T12:04:50.948129" elapsed="0.294950"/>
</kw>
<arg>username=Sstandar</arg>
<arg>password=secret_sauce</arg>
<arg>resultat=ko</arg>
<status status="PASS" start="2025-03-26T12:04:50.947750" elapsed="0.295392"/>
</kw>
<kw name="Close All Browsers" owner="SeleniumLibrary" type="TEARDOWN">
<doc>Closes all open browsers and resets the browser cache.</doc>
<status status="PASS" start="2025-03-26T12:04:51.243426" elapsed="0.104317"/>
</kw>
<status status="PASS" start="2025-03-26T12:04:50.272283" elapsed="1.075736"/>
</test>
<test id="s1-t3" name="Case 3" line="16">
<kw name="Open Browser" owner="SeleniumLibrary" type="SETUP">
<msg time="2025-03-26T12:04:51.350393" level="INFO">Opening browser 'chrome' to base url 'https://www.saucedemo.com/' through remote server at 'http://192.168.1.112:4444/wd/hub'.</msg>
<arg>${url}</arg>
<arg>${browser}</arg>
<arg>remote_url=http://192.168.1.112:4444/wd/hub</arg>
<doc>Opens a new browser instance to the optional ``url``.</doc>
<status status="PASS" start="2025-03-26T12:04:51.350176" elapsed="0.681351"/>
</kw>
<kw name="affichage">
<kw name="Login Avec Username Et Password" owner="login_template">
<kw name="Saisir Username" owner="login_page">
<kw name="Input Text" owner="SeleniumLibrary">
<msg time="2025-03-26T12:04:52.033381" level="INFO">Typing text 'standard_user' into text field 'id:user-name'.</msg>
<arg>${usernameElement}</arg>
<arg>${username}</arg>
<doc>Types the given ``text`` into the text field identified by ``locator``.</doc>
<status status="PASS" start="2025-03-26T12:04:52.033202" elapsed="0.119372"/>
</kw>
<arg>${username}</arg>
<status status="PASS" start="2025-03-26T12:04:52.032579" elapsed="0.120109"/>
</kw>
<kw name="Saisir Password" owner="login_page">
<kw name="Input Password" owner="SeleniumLibrary">
<msg time="2025-03-26T12:04:52.153385" level="INFO">Typing password into text field 'id:password'.</msg>
<msg time="2025-03-26T12:04:52.201467" level="INFO">Temporally setting log level to: NONE</msg>
<arg>${passwordElement}</arg>
<arg>${password}</arg>
<doc>Types the given password into the text field identified by ``locator``.</doc>
<status status="PASS" start="2025-03-26T12:04:52.153152" elapsed="0.118785"/>
</kw>
<arg>${password}</arg>
<status status="PASS" start="2025-03-26T12:04:52.152842" elapsed="0.119266"/>
</kw>
<kw name="Cliquer Sur Le Bouton Login" owner="login_page">
<kw name="Click Button" owner="SeleniumLibrary">
<msg time="2025-03-26T12:04:52.272932" level="INFO">Clicking button 'id:login-button'.</msg>
<arg>${loginButtonElement}</arg>
<doc>Clicks the button identified by ``locator``.</doc>
<status status="PASS" start="2025-03-26T12:04:52.272687" elapsed="0.094155"/>
</kw>
<status status="PASS" start="2025-03-26T12:04:52.272325" elapsed="0.094616"/>
</kw>
<if>
<branch type="IF" condition="&quot;${resultat}&quot;== &quot;ok&quot;">
<kw name="Get Page Title" owner="login_page">
<var>${text}</var>
<status status="NOT RUN" start="2025-03-26T12:04:52.367291" elapsed="0.000044"/>
</kw>
<kw name="Should Be Equal As Strings" owner="BuiltIn">
<arg>${text}</arg>
<arg>Products</arg>
<doc>Fails if objects are unequal after converting them to strings.</doc>
<status status="NOT RUN" start="2025-03-26T12:04:52.367435" elapsed="0.000028"/>
</kw>
<status status="NOT RUN" start="2025-03-26T12:04:52.367025" elapsed="0.000477"/>
</branch>
<branch type="ELSE">
<kw name="Get Error Message" owner="login_page">
<return>
<value>${errorElement}</value>
<status status="PASS" start="2025-03-26T12:04:52.367800" elapsed="0.000040"/>
</return>
<msg time="2025-03-26T12:04:52.367953" level="INFO">${res} = css:.error-button</msg>
<var>${res}</var>
<status status="PASS" start="2025-03-26T12:04:52.367641" elapsed="0.000337"/>
</kw>
<kw name="Element Should Be Visible" owner="SeleniumLibrary">
<msg time="2025-03-26T12:04:52.396355" level="INFO">Element 'css:.error-button' is displayed.</msg>
<arg>${res}</arg>
<doc>Verifies that the element identified by ``locator`` is visible.</doc>
<status status="PASS" start="2025-03-26T12:04:52.368089" elapsed="0.028362"/>
</kw>
<status status="PASS" start="2025-03-26T12:04:52.367538" elapsed="0.028983"/>
</branch>
<status status="PASS" start="2025-03-26T12:04:52.367000" elapsed="0.029560"/>
</if>
<arg>${username}</arg>
<arg>${password}</arg>
<arg>${resultat}</arg>
<status status="PASS" start="2025-03-26T12:04:52.032286" elapsed="0.364354"/>
</kw>
<arg>username=standard_user</arg>
<arg>password=secret</arg>
<arg>resultat=ko</arg>
<status status="PASS" start="2025-03-26T12:04:52.031893" elapsed="0.364846"/>
</kw>
<kw name="Close All Browsers" owner="SeleniumLibrary" type="TEARDOWN">
<doc>Closes all open browsers and resets the browser cache.</doc>
<status status="PASS" start="2025-03-26T12:04:52.397075" elapsed="0.134108"/>
</kw>
<status status="PASS" start="2025-03-26T12:04:51.349148" elapsed="1.182742"/>
</test>
<doc>importer la lib selenium</doc>
<status status="PASS" start="2025-03-26T12:04:48.847616" elapsed="3.688046"/>
</suite>
<statistics>
<total>
<stat pass="3" fail="0" skip="0">All Tests</stat>
</total>
<tag>
</tag>
<suite>
<stat name="Login Data" id="s1" pass="3" fail="0" skip="0">Login Data</stat>
</suite>
</statistics>
<errors>
</errors>
</robot>
