<?xml version="1.0" encoding="UTF-8"?>
<robot generator="Robot 7.2.2 (Python 3.13.2 on win32)" generated="2025-03-26T12:06:19.769480" rpa="false" schemaversion="5">
<suite id="s1" name="Login Data" source="C:\Users\User\Documents\p1\tests\login_data.robot">
<test id="s1-t1" name="Case 1" line="16">
<kw name="Open Browser" owner="SeleniumLibrary" type="SETUP">
<msg time="2025-03-26T12:06:20.011193" level="INFO">Opening browser 'chrome' to base url 'https://www.saucedemo.com/' through remote server at 'http://192.168.1.112:4444/wd/hub'.</msg>
<arg>${url}</arg>
<arg>${browser}</arg>
<arg>remote_url=http://192.168.1.112:4444/wd/hub</arg>
<doc>Opens a new browser instance to the optional ``url``.</doc>
<status status="PASS" start="2025-03-26T12:06:20.010954" elapsed="0.911664"/>
</kw>
<kw name="affichage">
<kw name="Login Avec Username Et Password" owner="login_template">
<kw name="Saisir Username" owner="login_page">
<kw name="Input Text" owner="SeleniumLibrary">
<msg time="2025-03-26T12:06:20.925446" level="INFO">Typing text 'standard_user' into text field 'id:user-name'.</msg>
<arg>${usernameElement}</arg>
<arg>${username}</arg>
<doc>Types the given ``text`` into the text field identified by ``locator``.</doc>
<status status="PASS" start="2025-03-26T12:06:20.924961" elapsed="0.105474"/>
</kw>
<arg>${username}</arg>
<status status="PASS" start="2025-03-26T12:06:20.924561" elapsed="0.106014"/>
</kw>
<kw name="Saisir Password" owner="login_page">
<kw name="Input Password" owner="SeleniumLibrary">
<msg time="2025-03-26T12:06:21.031290" level="INFO">Typing password into text field 'id:password'.</msg>
<msg time="2025-03-26T12:06:21.075698" level="INFO">Temporally setting log level to: NONE</msg>
<arg>${passwordElement}</arg>
<arg>${password}</arg>
<doc>Types the given password into the text field identified by ``locator``.</doc>
<status status="PASS" start="2025-03-26T12:06:21.031100" elapsed="0.095880"/>
</kw>
<arg>${password}</arg>
<status status="PASS" start="2025-03-26T12:06:21.030767" elapsed="0.096471"/>
</kw>
<kw name="Cliquer Sur Le Bouton Login" owner="login_page">
<kw name="Click Button" owner="SeleniumLibrary">
<msg time="2025-03-26T12:06:21.127926" level="INFO">Clicking button 'id:login-button'.</msg>
<arg>${loginButtonElement}</arg>
<doc>Clicks the button identified by ``locator``.</doc>
<status status="PASS" start="2025-03-26T12:06:21.127754" elapsed="0.147961"/>
</kw>
<status status="PASS" start="2025-03-26T12:06:21.127461" elapsed="0.148392"/>
</kw>
<if>
<branch type="IF" condition="&quot;${resultat}&quot;== &quot;ok&quot;">
<kw name="Get Page Title" owner="login_page">
<kw name="Get Text" owner="SeleniumLibrary">
<msg time="2025-03-26T12:06:21.309352" level="INFO">${res} = Products</msg>
<var>${res}</var>
<arg>${pageTitleElement}</arg>
<doc>Returns the text value of the element identified by ``locator``.</doc>
<status status="PASS" start="2025-03-26T12:06:21.276723" elapsed="0.032707"/>
</kw>
<return>
<value>${res}</value>
<status status="PASS" start="2025-03-26T12:06:21.309581" elapsed="0.000113"/>
</return>
<msg time="2025-03-26T12:06:21.309894" level="INFO">${text} = Products</msg>
<var>${text}</var>
<status status="PASS" start="2025-03-26T12:06:21.276409" elapsed="0.033512"/>
</kw>
<kw name="Should Be Equal As Strings" owner="BuiltIn">
<arg>${text}</arg>
<arg>Products</arg>
<doc>Fails if objects are unequal after converting them to strings.</doc>
<status status="PASS" start="2025-03-26T12:06:21.310066" elapsed="0.000321"/>
</kw>
<status status="PASS" start="2025-03-26T12:06:21.275990" elapsed="0.034449"/>
</branch>
<branch type="ELSE">
<kw name="Get Error Message" owner="login_page">
<var>${res}</var>
<status status="NOT RUN" start="2025-03-26T12:06:21.310806" elapsed="0.000079"/>
</kw>
<kw name="Element Should Be Visible" owner="SeleniumLibrary">
<arg>${res}</arg>
<doc>Verifies that the element identified by ``locator`` is visible.</doc>
<status status="NOT RUN" start="2025-03-26T12:06:21.311034" elapsed="0.000032"/>
</kw>
<status status="NOT RUN" start="2025-03-26T12:06:21.310534" elapsed="0.000572"/>
</branch>
<status status="PASS" start="2025-03-26T12:06:21.275940" elapsed="0.035210"/>
</if>
<arg>${username}</arg>
<arg>${password}</arg>
<arg>${resultat}</arg>
<status status="PASS" start="2025-03-26T12:06:20.924090" elapsed="0.387165"/>
</kw>
<arg>username=standard_user</arg>
<arg>password=secret_sauce</arg>
<arg>resultat=ok</arg>
<status status="PASS" start="2025-03-26T12:06:20.923194" elapsed="0.388149"/>
</kw>
<kw name="Close All Browsers" owner="SeleniumLibrary" type="TEARDOWN">
<doc>Closes all open browsers and resets the browser cache.</doc>
<status status="PASS" start="2025-03-26T12:06:21.311889" elapsed="0.122947"/>
</kw>
<status status="PASS" start="2025-03-26T12:06:20.009717" elapsed="1.425379"/>
</test>
<test id="s1-t2" name="Case 2" line="16">
<kw name="Open Browser" owner="SeleniumLibrary" type="SETUP">
<msg time="2025-03-26T12:06:21.436858" level="INFO">Opening browser 'chrome' to base url 'https://www.saucedemo.com/' through remote server at 'http://192.168.1.112:4444/wd/hub'.</msg>
<arg>${url}</arg>
<arg>${browser}</arg>
<arg>remote_url=http://192.168.1.112:4444/wd/hub</arg>
<doc>Opens a new browser instance to the optional ``url``.</doc>
<status status="PASS" start="2025-03-26T12:06:21.436645" elapsed="0.692945"/>
</kw>
<kw name="affichage">
<kw name="Login Avec Username Et Password" owner="login_template">
<kw name="Saisir Username" owner="login_page">
<kw name="Input Text" owner="SeleniumLibrary">
<msg time="2025-03-26T12:06:22.133461" level="INFO">Typing text 'Sstandar' into text field 'id:user-name'.</msg>
<arg>${usernameElement}</arg>
<arg>${username}</arg>
<doc>Types the given ``text`` into the text field identified by ``locator``.</doc>
<status status="PASS" start="2025-03-26T12:06:22.133128" elapsed="0.121500"/>
</kw>
<arg>${username}</arg>
<status status="PASS" start="2025-03-26T12:06:22.132663" elapsed="0.122071"/>
</kw>
<kw name="Saisir Password" owner="login_page">
<kw name="Input Password" owner="SeleniumLibrary">
<msg time="2025-03-26T12:06:22.255314" level="INFO">Typing password into text field 'id:password'.</msg>
<msg time="2025-03-26T12:06:22.300969" level="INFO">Temporally setting log level to: NONE</msg>
<arg>${passwordElement}</arg>
<arg>${password}</arg>
<doc>Types the given password into the text field identified by ``locator``.</doc>
<status status="PASS" start="2025-03-26T12:06:22.255131" elapsed="0.096469"/>
</kw>
<arg>${password}</arg>
<status status="PASS" start="2025-03-26T12:06:22.254871" elapsed="0.096832"/>
</kw>
<kw name="Cliquer Sur Le Bouton Login" owner="login_page">
<kw name="Click Button" owner="SeleniumLibrary">
<msg time="2025-03-26T12:06:22.352252" level="INFO">Clicking button 'id:login-button'.</msg>
<arg>${loginButtonElement}</arg>
<doc>Clicks the button identified by ``locator``.</doc>
<status status="PASS" start="2025-03-26T12:06:22.352087" elapsed="0.078276"/>
</kw>
<status status="PASS" start="2025-03-26T12:06:22.351847" elapsed="0.078631"/>
</kw>
<if>
<branch type="IF" condition="&quot;${resultat}&quot;== &quot;ok&quot;">
<kw name="Get Page Title" owner="login_page">
<var>${text}</var>
<status status="NOT RUN" start="2025-03-26T12:06:22.430864" elapsed="0.000034"/>
</kw>
<kw name="Should Be Equal As Strings" owner="BuiltIn">
<arg>${text}</arg>
<arg>Products</arg>
<doc>Fails if objects are unequal after converting them to strings.</doc>
<status status="NOT RUN" start="2025-03-26T12:06:22.431007" elapsed="0.000032"/>
</kw>
<status status="NOT RUN" start="2025-03-26T12:06:22.430577" elapsed="0.000515"/>
</branch>
<branch type="ELSE">
<kw name="Get Error Message" owner="login_page">
<return>
<value>${errorElement}</value>
<status status="PASS" start="2025-03-26T12:06:22.431645" elapsed="0.000087"/>
</return>
<msg time="2025-03-26T12:06:22.431967" level="INFO">${res} = css:.error-button</msg>
<var>${res}</var>
<status status="PASS" start="2025-03-26T12:06:22.431312" elapsed="0.000706"/>
</kw>
<kw name="Element Should Be Visible" owner="SeleniumLibrary">
<msg time="2025-03-26T12:06:22.459285" level="INFO">Element 'css:.error-button' is displayed.</msg>
<arg>${res}</arg>
<doc>Verifies that the element identified by ``locator`` is visible.</doc>
<status status="PASS" start="2025-03-26T12:06:22.432180" elapsed="0.027216"/>
</kw>
<status status="PASS" start="2025-03-26T12:06:22.431152" elapsed="0.028325"/>
</branch>
<status status="PASS" start="2025-03-26T12:06:22.430547" elapsed="0.028976"/>
</if>
<arg>${username}</arg>
<arg>${password}</arg>
<arg>${resultat}</arg>
<status status="PASS" start="2025-03-26T12:06:22.131445" elapsed="0.328155"/>
</kw>
<arg>username=Sstandar</arg>
<arg>password=secret_sauce</arg>
<arg>resultat=ko</arg>
<status status="PASS" start="2025-03-26T12:06:22.130382" elapsed="0.329285"/>
</kw>
<kw name="Close All Browsers" owner="SeleniumLibrary" type="TEARDOWN">
<doc>Closes all open browsers and resets the browser cache.</doc>
<status status="PASS" start="2025-03-26T12:06:22.460150" elapsed="0.100229"/>
</kw>
<status status="PASS" start="2025-03-26T12:06:21.435814" elapsed="1.124909"/>
</test>
<test id="s1-t3" name="Case 3" line="16">
<kw name="Open Browser" owner="SeleniumLibrary" type="SETUP">
<msg time="2025-03-26T12:06:22.563163" level="INFO">Opening browser 'chrome' to base url 'https://www.saucedemo.com/' through remote server at 'http://192.168.1.112:4444/wd/hub'.</msg>
<arg>${url}</arg>
<arg>${browser}</arg>
<arg>remote_url=http://192.168.1.112:4444/wd/hub</arg>
<doc>Opens a new browser instance to the optional ``url``.</doc>
<status status="PASS" start="2025-03-26T12:06:22.562957" elapsed="0.697408"/>
</kw>
<kw name="affichage">
<kw name="Login Avec Username Et Password" owner="login_template">
<kw name="Saisir Username" owner="login_page">
<kw name="Input Text" owner="SeleniumLibrary">
<msg time="2025-03-26T12:06:23.262465" level="INFO">Typing text 'standard_user' into text field 'id:user-name'.</msg>
<arg>${usernameElement}</arg>
<arg>${username}</arg>
<doc>Types the given ``text`` into the text field identified by ``locator``.</doc>
<status status="PASS" start="2025-03-26T12:06:23.262233" elapsed="0.099586"/>
</kw>
<arg>${username}</arg>
<status status="PASS" start="2025-03-26T12:06:23.261534" elapsed="0.100412"/>
</kw>
<kw name="Saisir Password" owner="login_page">
<kw name="Input Password" owner="SeleniumLibrary">
<msg time="2025-03-26T12:06:23.362793" level="INFO">Typing password into text field 'id:password'.</msg>
<msg time="2025-03-26T12:06:23.422560" level="INFO">Temporally setting log level to: NONE</msg>
<arg>${passwordElement}</arg>
<arg>${password}</arg>
<doc>Types the given password into the text field identified by ``locator``.</doc>
<status status="PASS" start="2025-03-26T12:06:23.362549" elapsed="0.115704"/>
</kw>
<arg>${password}</arg>
<status status="PASS" start="2025-03-26T12:06:23.362152" elapsed="0.116248"/>
</kw>
<kw name="Cliquer Sur Le Bouton Login" owner="login_page">
<kw name="Click Button" owner="SeleniumLibrary">
<msg time="2025-03-26T12:06:23.479034" level="INFO">Clicking button 'id:login-button'.</msg>
<arg>${loginButtonElement}</arg>
<doc>Clicks the button identified by ``locator``.</doc>
<status status="PASS" start="2025-03-26T12:06:23.478868" elapsed="0.084040"/>
</kw>
<status status="PASS" start="2025-03-26T12:06:23.478587" elapsed="0.084424"/>
</kw>
<if>
<branch type="IF" condition="&quot;${resultat}&quot;== &quot;ok&quot;">
<kw name="Get Page Title" owner="login_page">
<var>${text}</var>
<status status="NOT RUN" start="2025-03-26T12:06:23.563378" elapsed="0.000044"/>
</kw>
<kw name="Should Be Equal As Strings" owner="BuiltIn">
<arg>${text}</arg>
<arg>Products</arg>
<doc>Fails if objects are unequal after converting them to strings.</doc>
<status status="NOT RUN" start="2025-03-26T12:06:23.563521" elapsed="0.000028"/>
</kw>
<status status="NOT RUN" start="2025-03-26T12:06:23.563102" elapsed="0.000486"/>
</branch>
<branch type="ELSE">
<kw name="Get Error Message" owner="login_page">
<return>
<value>${errorElement}</value>
<status status="PASS" start="2025-03-26T12:06:23.563888" elapsed="0.000041"/>
</return>
<msg time="2025-03-26T12:06:23.564041" level="INFO">${res} = css:.error-button</msg>
<var>${res}</var>
<status status="PASS" start="2025-03-26T12:06:23.563724" elapsed="0.000343"/>
</kw>
<kw name="Element Should Be Visible" owner="SeleniumLibrary">
<msg time="2025-03-26T12:06:23.593918" level="INFO">Element 'css:.error-button' is displayed.</msg>
<arg>${res}</arg>
<doc>Verifies that the element identified by ``locator`` is visible.</doc>
<status status="PASS" start="2025-03-26T12:06:23.564162" elapsed="0.029862"/>
</kw>
<status status="PASS" start="2025-03-26T12:06:23.563624" elapsed="0.030464"/>
</branch>
<status status="PASS" start="2025-03-26T12:06:23.563074" elapsed="0.031064"/>
</if>
<arg>${username}</arg>
<arg>${password}</arg>
<arg>${resultat}</arg>
<status status="PASS" start="2025-03-26T12:06:23.261219" elapsed="0.332976"/>
</kw>
<arg>username=standard_user</arg>
<arg>password=secret</arg>
<arg>resultat=ko</arg>
<status status="PASS" start="2025-03-26T12:06:23.260827" elapsed="0.333428"/>
</kw>
<kw name="Close All Browsers" owner="SeleniumLibrary" type="TEARDOWN">
<doc>Closes all open browsers and resets the browser cache.</doc>
<status status="PASS" start="2025-03-26T12:06:23.594603" elapsed="0.084829"/>
</kw>
<status status="PASS" start="2025-03-26T12:06:22.561962" elapsed="1.117794"/>
</test>
<doc>importer la lib selenium</doc>
<status status="PASS" start="2025-03-26T12:06:19.770927" elapsed="3.909926"/>
</suite>
<statistics>
<total>
<stat pass="3" fail="0" skip="0">All Tests</stat>
</total>
<tag>
</tag>
<suite>
<stat name="Login Data" id="s1" pass="3" fail="0" skip="0">Login Data</stat>
</suite>
</statistics>
<errors>
</errors>
</robot>
